<?xml version="1.0" encoding="UTF-8"?>
<testng-results ignored="0" total="2" passed="2" failed="0" skipped="0">
  <reporter-output>
  </reporter-output>
  <suite started-at="2023-04-08T22:58:53 EDT" name="Suite" finished-at="2023-04-08T22:59:08 EDT" duration-ms="14785">
    <groups>
    </groups>
    <test started-at="2023-04-08T22:58:53 EDT" name="Test" finished-at="2023-04-08T22:59:08 EDT" duration-ms="14785">
      <class name="com.test1.TestNG2">
        <test-method is-config="true" signature="setBaseURL()[pri:0, instance:com.test1.TestNG2@78aab498]" started-at="2023-04-08T22:59:00 EDT" name="setBaseURL" finished-at="2023-04-08T22:59:07 EDT" duration-ms="6403" status="PASS">
          <reporter-output>
          </reporter-output>
        </test-method> <!-- setBaseURL -->
        <test-method signature="textBox()[pri:0, instance:com.test1.TestNG2@78aab498]" started-at="2023-04-08T22:59:07 EDT" name="textBox" finished-at="2023-04-08T22:59:07 EDT" duration-ms="329" status="PASS">
          <reporter-output>
          </reporter-output>
        </test-method> <!-- textBox -->
        <test-method is-config="true" signature="closeSession()[pri:0, instance:com.test1.TestNG2@78aab498]" started-at="2023-04-08T22:59:07 EDT" name="closeSession" finished-at="2023-04-08T22:59:08 EDT" duration-ms="147" status="PASS">
          <reporter-output>
          </reporter-output>
        </test-method> <!-- closeSession -->
      </class> <!-- com.test1.TestNG2 -->
      <class name="com.test1.TestNG1">
        <test-method is-config="true" signature="setBaseURL()[pri:0, instance:com.test1.TestNG1@56de5251]" started-at="2023-04-08T22:58:53 EDT" name="setBaseURL" finished-at="2023-04-08T22:59:00 EDT" duration-ms="7382" status="PASS">
          <reporter-output>
          </reporter-output>
        </test-method> <!-- setBaseURL -->
        <test-method signature="textBox()[pri:0, instance:com.test1.TestNG1@56de5251]" started-at="2023-04-08T22:59:07 EDT" name="textBox" finished-at="2023-04-08T22:59:07 EDT" duration-ms="372" status="PASS">
          <reporter-output>
          </reporter-output>
        </test-method> <!-- textBox -->
        <test-method is-config="true" signature="closeSession()[pri:0, instance:com.test1.TestNG1@56de5251]" started-at="2023-04-08T22:59:07 EDT" name="closeSession" finished-at="2023-04-08T22:59:07 EDT" duration-ms="123" status="PASS">
          <reporter-output>
          </reporter-output>
        </test-method> <!-- closeSession -->
      </class> <!-- com.test1.TestNG1 -->
    </test> <!-- Test -->
  </suite> <!-- Suite -->
</testng-results>
