<?xml version="1.0" encoding="UTF-8"?>
<testng-results ignored="0" total="1" passed="1" failed="0" skipped="0">
  <reporter-output>
  </reporter-output>
  <suite started-at="2023-03-30T19:09:06 EDT" name="Default suite" finished-at="2023-03-30T19:09:06 EDT" duration-ms="52">
    <groups>
    </groups>
    <test started-at="2023-03-30T19:09:06 EDT" name="Default test" finished-at="2023-03-30T19:09:06 EDT" duration-ms="52">
      <class name="com.TestNG.TesNG">
        <test-method signature="day1()[pri:0, instance:com.TestNG.TesNG@1f1c7bf6]" started-at="2023-03-30T19:09:06 EDT" name="day1" finished-at="2023-03-30T19:09:06 EDT" duration-ms="12" status="PASS">
          <reporter-output>
          </reporter-output>
        </test-method> <!-- day1 -->
      </class> <!-- com.TestNG.TesNG -->
    </test> <!-- Default test -->
  </suite> <!-- Default suite -->
</testng-results>
