<?xml version="1.0" encoding="UTF-8"?>
<!-- Generated by org.testng.reporters.JUnitXMLReporter -->
<testsuite ignored="0" hostname="Saravanans-MacBook-Pro.local" failures="1" tests="2" name="Test" time="6.837" errors="0" timestamp="2023-04-10T14:56:50 EDT">
  <testcase classname="com.leafTest.Test1" name="action" time="0.012">
    <failure type="java.lang.NullPointerException" message="Cannot invoke &amp;quot;com.leafGround.WebElements.tool(int)&amp;quot; because &amp;quot;this.elements&amp;quot; is null">
      <![CDATA[java.lang.NullPointerException: Cannot invoke "com.leafGround.WebElements.tool(int)" because "this.elements" is null
at com.leafTest.Test1.action(Test1.java:28)
at java.base/java.util.ArrayList.forEach(ArrayList.java:1511)
... Removed 25 stack frames]]>
    </failure>
  </testcase> <!-- action -->
  <testcase classname="com.leafTest.Test1" name="setBase" time="6.778"/>
</testsuite> <!-- Test -->
